{"message":"::1 - - [11/Jul/2021:15:56:02 +0000] \"GET /favicon.ico HTTP/1.1\" 404 150 \"http://localhost:3000/person/7\" \"Mozilla/5.0 (Windows NT 6.1; Win64; x64) AppleWebKit/537.36 (KHTML, like Gecko) Chrome/91.0.4472.124 Safari/537.36\"\n","level":"info"}
{"message":"::1 - - [11/Jul/2021:15:56:02 +0000] \"GET /favicon.ico HTTP/1.1\" 404 150 \"http://localhost:3000/person/7\" \"Mozilla/5.0 (Windows NT 6.1; Win64; x64) AppleWebKit/537.36 (KHTML, like Gecko) Chrome/91.0.4472.124 Safari/537.36\"\n","level":"info"}
{"message":"::ffff:127.0.0.1 - - [11/Jul/2021:15:56:50 +0000] \"GET /favicon.ico HTTP/1.1\" 404 150 \"http://localhost:3000/person/7\" \"Mozilla/5.0 (Windows NT 6.1; Win64; x64) AppleWebKit/537.36 (KHTML, like Gecko) Chrome/91.0.4472.124 Safari/537.36\"\n","level":"info"}
{"message":"::ffff:127.0.0.1 - - [11/Jul/2021:15:56:56 +0000] \"GET /favicon.ico HTTP/1.1\" 404 150 \"http://localhost:3000/person/7\" \"Mozilla/5.0 (Windows NT 6.1; Win64; x64) AppleWebKit/537.36 (KHTML, like Gecko) Chrome/91.0.4472.124 Safari/537.36\"\n","level":"info"}
{"message":"::ffff:127.0.0.1 - - [11/Jul/2021:15:56:57 +0000] \"GET /favicon.ico HTTP/1.1\" 404 150 \"http://localhost:3000/person/7\" \"Mozilla/5.0 (Windows NT 6.1; Win64; x64) AppleWebKit/537.36 (KHTML, like Gecko) Chrome/91.0.4472.124 Safari/537.36\"\n","level":"info"}
{"message":"::ffff:127.0.0.1 - - [11/Jul/2021:15:57:06 +0000] \"GET /favicon.ico HTTP/1.1\" 404 150 \"http://localhost:3000/person/4\" \"Mozilla/5.0 (Windows NT 6.1; Win64; x64) AppleWebKit/537.36 (KHTML, like Gecko) Chrome/91.0.4472.124 Safari/537.36\"\n","level":"info"}
{"message":"::ffff:127.0.0.1 - - [11/Jul/2021:15:57:08 +0000] \"GET /favicon.ico HTTP/1.1\" 404 150 \"http://localhost:3000/person/4\" \"Mozilla/5.0 (Windows NT 6.1; Win64; x64) AppleWebKit/537.36 (KHTML, like Gecko) Chrome/91.0.4472.124 Safari/537.36\"\n","level":"info"}
{"message":"::ffff:127.0.0.1 - - [11/Jul/2021:15:57:09 +0000] \"GET /favicon.ico HTTP/1.1\" 404 150 \"http://localhost:3000/person/4\" \"Mozilla/5.0 (Windows NT 6.1; Win64; x64) AppleWebKit/537.36 (KHTML, like Gecko) Chrome/91.0.4472.124 Safari/537.36\"\n","level":"info"}
{"message":"::1 - - [11/Jul/2021:15:58:10 +0000] \"GET /favicon.ico HTTP/1.1\" 404 150 \"http://localhost:3000/person\" \"Mozilla/5.0 (Windows NT 6.1; Win64; x64) AppleWebKit/537.36 (KHTML, like Gecko) Chrome/91.0.4472.124 Safari/537.36\"\n","level":"info"}
{"message":"::1 - - [11/Jul/2021:15:58:44 +0000] \"GET /favicon.ico HTTP/1.1\" 404 150 \"http://localhost:3000/person\" \"Mozilla/5.0 (Windows NT 6.1; Win64; x64) AppleWebKit/537.36 (KHTML, like Gecko) Chrome/91.0.4472.124 Safari/537.36\"\n","level":"info"}
{"message":"::1 - - [11/Jul/2021:15:58:48 +0000] \"GET /favicon.ico HTTP/1.1\" 404 150 \"http://localhost:3000/person\" \"Mozilla/5.0 (Windows NT 6.1; Win64; x64) AppleWebKit/537.36 (KHTML, like Gecko) Chrome/91.0.4472.124 Safari/537.36\"\n","level":"info"}
{"message":"::1 - - [11/Jul/2021:15:58:49 +0000] \"GET /favicon.ico HTTP/1.1\" 404 150 \"http://localhost:3000/person\" \"Mozilla/5.0 (Windows NT 6.1; Win64; x64) AppleWebKit/537.36 (KHTML, like Gecko) Chrome/91.0.4472.124 Safari/537.36\"\n","level":"info"}
{"message":"::1 - - [11/Jul/2021:15:58:50 +0000] \"GET /favicon.ico HTTP/1.1\" 404 150 \"http://localhost:3000/person\" \"Mozilla/5.0 (Windows NT 6.1; Win64; x64) AppleWebKit/537.36 (KHTML, like Gecko) Chrome/91.0.4472.124 Safari/537.36\"\n","level":"info"}
{"message":"::1 - - [11/Jul/2021:15:58:51 +0000] \"GET /favicon.ico HTTP/1.1\" 404 150 \"http://localhost:3000/person\" \"Mozilla/5.0 (Windows NT 6.1; Win64; x64) AppleWebKit/537.36 (KHTML, like Gecko) Chrome/91.0.4472.124 Safari/537.36\"\n","level":"info"}
{"message":"::1 - - [11/Jul/2021:15:58:51 +0000] \"GET /favicon.ico HTTP/1.1\" 404 150 \"http://localhost:3000/person\" \"Mozilla/5.0 (Windows NT 6.1; Win64; x64) AppleWebKit/537.36 (KHTML, like Gecko) Chrome/91.0.4472.124 Safari/537.36\"\n","level":"info"}
{"message":"::1 - - [11/Jul/2021:15:59:22 +0000] \"GET /favicon.ico HTTP/1.1\" 404 150 \"http://localhost:3000/person\" \"Mozilla/5.0 (Windows NT 6.1; Win64; x64) AppleWebKit/537.36 (KHTML, like Gecko) Chrome/91.0.4472.124 Safari/537.36\"\n","level":"info"}
{"message":"::1 - - [11/Jul/2021:15:59:29 +0000] \"GET /favicon.ico HTTP/1.1\" 404 150 \"http://localhost:3000/person/3\" \"Mozilla/5.0 (Windows NT 6.1; Win64; x64) AppleWebKit/537.36 (KHTML, like Gecko) Chrome/91.0.4472.124 Safari/537.36\"\n","level":"info"}
{"message":"::1 - - [11/Jul/2021:15:59:55 +0000] \"GET /person/3 HTTP/1.1\" 200 88 \"-\" \"Mozilla/5.0 (Windows NT 6.1; Win64; x64) AppleWebKit/537.36 (KHTML, like Gecko) Chrome/91.0.4472.124 Safari/537.36\"\n","level":"info"}
{"message":"::1 - - [11/Jul/2021:15:59:55 +0000] \"GET /favicon.ico HTTP/1.1\" 404 150 \"http://localhost:3000/person/3\" \"Mozilla/5.0 (Windows NT 6.1; Win64; x64) AppleWebKit/537.36 (KHTML, like Gecko) Chrome/91.0.4472.124 Safari/537.36\"\n","level":"info"}
{"message":"::1 - - [11/Jul/2021:15:59:56 +0000] \"GET /person/3 HTTP/1.1\" 304 - \"-\" \"Mozilla/5.0 (Windows NT 6.1; Win64; x64) AppleWebKit/537.36 (KHTML, like Gecko) Chrome/91.0.4472.124 Safari/537.36\"\n","level":"info"}
{"message":"::1 - - [11/Jul/2021:15:59:56 +0000] \"GET /person/3 HTTP/1.1\" 304 - \"-\" \"Mozilla/5.0 (Windows NT 6.1; Win64; x64) AppleWebKit/537.36 (KHTML, like Gecko) Chrome/91.0.4472.124 Safari/537.36\"\n","level":"info"}
{"message":"::1 - - [11/Jul/2021:15:59:57 +0000] \"GET /person/3 HTTP/1.1\" 304 - \"-\" \"Mozilla/5.0 (Windows NT 6.1; Win64; x64) AppleWebKit/537.36 (KHTML, like Gecko) Chrome/91.0.4472.124 Safari/537.36\"\n","level":"info"}
{"message":"::1 - - [11/Jul/2021:16:01:15 +0000] \"GET /favicon.ico HTTP/1.1\" 404 150 \"http://localhost:3000/person/3\" \"Mozilla/5.0 (Windows NT 6.1; Win64; x64) AppleWebKit/537.36 (KHTML, like Gecko) Chrome/91.0.4472.124 Safari/537.36\"\n","level":"info"}
{"message":"::1 - - [11/Jul/2021:16:01:15 +0000] \"GET /favicon.ico HTTP/1.1\" 404 150 \"http://localhost:3000/person/3\" \"Mozilla/5.0 (Windows NT 6.1; Win64; x64) AppleWebKit/537.36 (KHTML, like Gecko) Chrome/91.0.4472.124 Safari/537.36\"\n","level":"info"}
{"message":"::1 - - [11/Jul/2021:16:01:46 +0000] \"GET /person/3 HTTP/1.1\" 200 88 \"-\" \"Mozilla/5.0 (Windows NT 6.1; Win64; x64) AppleWebKit/537.36 (KHTML, like Gecko) Chrome/91.0.4472.124 Safari/537.36\"\n","level":"info"}
{"message":"::1 - - [11/Jul/2021:16:01:46 +0000] \"GET /person/3 HTTP/1.1\" 304 - \"-\" \"Mozilla/5.0 (Windows NT 6.1; Win64; x64) AppleWebKit/537.36 (KHTML, like Gecko) Chrome/91.0.4472.124 Safari/537.36\"\n","level":"info"}
{"message":"::1 - - [11/Jul/2021:16:01:47 +0000] \"GET /person/3 HTTP/1.1\" 304 - \"-\" \"Mozilla/5.0 (Windows NT 6.1; Win64; x64) AppleWebKit/537.36 (KHTML, like Gecko) Chrome/91.0.4472.124 Safari/537.36\"\n","level":"info"}
{"message":"::1 - - [11/Jul/2021:16:03:04 +0000] \"GET /person/3 HTTP/1.1\" 304 - \"-\" \"Mozilla/5.0 (Windows NT 6.1; Win64; x64) AppleWebKit/537.36 (KHTML, like Gecko) Chrome/91.0.4472.124 Safari/537.36\"\n","level":"info"}
{"message":"::1 - - [11/Jul/2021:16:03:04 +0000] \"GET /person/3 HTTP/1.1\" 304 - \"-\" \"Mozilla/5.0 (Windows NT 6.1; Win64; x64) AppleWebKit/537.36 (KHTML, like Gecko) Chrome/91.0.4472.124 Safari/537.36\"\n","level":"info"}
{"message":"::1 - - [11/Jul/2021:16:03:05 +0000] \"GET /person/3 HTTP/1.1\" 200 88 \"-\" \"Mozilla/5.0 (Windows NT 6.1; Win64; x64) AppleWebKit/537.36 (KHTML, like Gecko) Chrome/91.0.4472.124 Safari/537.36\"\n","level":"info"}
{"message":"::1 - - [11/Jul/2021:16:03:05 +0000] \"GET /favicon.ico HTTP/1.1\" 404 150 \"http://localhost:3000/person/3\" \"Mozilla/5.0 (Windows NT 6.1; Win64; x64) AppleWebKit/537.36 (KHTML, like Gecko) Chrome/91.0.4472.124 Safari/537.36\"\n","level":"info"}
{"message":"::1 - - [11/Jul/2021:16:03:06 +0000] \"GET /person/3 HTTP/1.1\" 200 88 \"-\" \"Mozilla/5.0 (Windows NT 6.1; Win64; x64) AppleWebKit/537.36 (KHTML, like Gecko) Chrome/91.0.4472.124 Safari/537.36\"\n","level":"info"}
{"message":"::1 - - [11/Jul/2021:16:03:06 +0000] \"GET /favicon.ico HTTP/1.1\" 404 150 \"http://localhost:3000/person/3\" \"Mozilla/5.0 (Windows NT 6.1; Win64; x64) AppleWebKit/537.36 (KHTML, like Gecko) Chrome/91.0.4472.124 Safari/537.36\"\n","level":"info"}
{"message":"::1 - - [11/Jul/2021:16:03:09 +0000] \"GET /person/3 HTTP/1.1\" 200 88 \"-\" \"Mozilla/5.0 (Windows NT 6.1; Win64; x64) AppleWebKit/537.36 (KHTML, like Gecko) Chrome/91.0.4472.124 Safari/537.36\"\n","level":"info"}
{"message":"::1 - - [11/Jul/2021:16:03:09 +0000] \"GET /favicon.ico HTTP/1.1\" 404 150 \"http://localhost:3000/person/3\" \"Mozilla/5.0 (Windows NT 6.1; Win64; x64) AppleWebKit/537.36 (KHTML, like Gecko) Chrome/91.0.4472.124 Safari/537.36\"\n","level":"info"}
{"message":"::1 - - [11/Jul/2021:16:03:09 +0000] \"GET /person/3 HTTP/1.1\" 304 - \"-\" \"Mozilla/5.0 (Windows NT 6.1; Win64; x64) AppleWebKit/537.36 (KHTML, like Gecko) Chrome/91.0.4472.124 Safari/537.36\"\n","level":"info"}
{"message":"::1 - - [11/Jul/2021:16:03:10 +0000] \"GET /person/3 HTTP/1.1\" 304 - \"-\" \"Mozilla/5.0 (Windows NT 6.1; Win64; x64) AppleWebKit/537.36 (KHTML, like Gecko) Chrome/91.0.4472.124 Safari/537.36\"\n","level":"info"}
{"message":"::1 - - [11/Jul/2021:16:03:30 +0000] \"GET /favicon.ico HTTP/1.1\" 404 150 \"http://localhost:3000/person/3\" \"Mozilla/5.0 (Windows NT 6.1; Win64; x64) AppleWebKit/537.36 (KHTML, like Gecko) Chrome/91.0.4472.124 Safari/537.36\"\n","level":"info"}
{"message":"::1 - - [11/Jul/2021:16:03:30 +0000] \"GET /favicon.ico HTTP/1.1\" 404 150 \"http://localhost:3000/person/3\" \"Mozilla/5.0 (Windows NT 6.1; Win64; x64) AppleWebKit/537.36 (KHTML, like Gecko) Chrome/91.0.4472.124 Safari/537.36\"\n","level":"info"}
{"message":"::1 - - [11/Jul/2021:17:09:22 +0000] \"GET /person/3 HTTP/1.1\" 304 - \"-\" \"Mozilla/5.0 (Windows NT 6.1; Win64; x64) AppleWebKit/537.36 (KHTML, like Gecko) Chrome/91.0.4472.124 Safari/537.36\"\n","level":"info"}
{"message":"::1 - - [11/Jul/2021:17:09:27 +0000] \"GET /person HTTP/1.1\" 304 - \"-\" \"Mozilla/5.0 (Windows NT 6.1; Win64; x64) AppleWebKit/537.36 (KHTML, like Gecko) Chrome/91.0.4472.124 Safari/537.36\"\n","level":"info"}
{"message":"Could not connect to any servers in your MongoDB Atlas cluster. One common reason is that you're trying to access the database from an IP that isn't whitelisted. Make sure your current IP address is on your Atlas cluster's IP whitelist: https://docs.atlas.mongodb.com/security-whitelist/","reason":{"type":"ReplicaSetNoPrimary","setName":null,"maxSetVersion":null,"maxElectionId":null,"servers":{},"stale":false,"compatible":true,"compatibilityError":null,"logicalSessionTimeoutMinutes":null,"heartbeatFrequencyMS":10000,"localThresholdMS":15,"commonWireVersion":null},"level":"error"}
{"message":"Could not connect to any servers in your MongoDB Atlas cluster. One common reason is that you're trying to access the database from an IP that isn't whitelisted. Make sure your current IP address is on your Atlas cluster's IP whitelist: https://docs.atlas.mongodb.com/security-whitelist/","reason":{"type":"ReplicaSetNoPrimary","setName":null,"maxSetVersion":null,"maxElectionId":null,"servers":{},"stale":false,"compatible":true,"compatibilityError":null,"logicalSessionTimeoutMinutes":null,"heartbeatFrequencyMS":10000,"localThresholdMS":15,"commonWireVersion":null},"level":"error"}
{"message":"MongoDB connection has been established successfully","level":"info"}
{"message":"::1 - - [12/Jul/2021:16:41:09 +0000] \"GET / HTTP/1.1\" 404 139 \"-\" \"Mozilla/5.0 (Windows NT 10.0; Win64; x64) AppleWebKit/537.36 (KHTML, like Gecko) Chrome/91.0.4472.124 Safari/537.36\"\n","level":"info"}
{"message":"::1 - - [12/Jul/2021:16:41:14 +0000] \"GET /persons HTTP/1.1\" 404 146 \"-\" \"Mozilla/5.0 (Windows NT 10.0; Win64; x64) AppleWebKit/537.36 (KHTML, like Gecko) Chrome/91.0.4472.124 Safari/537.36\"\n","level":"info"}
{"message":"::1 - - [12/Jul/2021:16:41:21 +0000] \"GET /person HTTP/1.1\" 200 2 \"-\" \"Mozilla/5.0 (Windows NT 10.0; Win64; x64) AppleWebKit/537.36 (KHTML, like Gecko) Chrome/91.0.4472.124 Safari/537.36\"\n","level":"info"}
{"message":"::1 - - [12/Jul/2021:16:41:21 +0000] \"GET /favicon.ico HTTP/1.1\" 404 150 \"http://localhost:3000/person\" \"Mozilla/5.0 (Windows NT 10.0; Win64; x64) AppleWebKit/537.36 (KHTML, like Gecko) Chrome/91.0.4472.124 Safari/537.36\"\n","level":"info"}
{"message":"::1 - - [12/Jul/2021:16:42:03 +0000] \"POST /person HTTP/1.1\" 201 96 \"http://localhost:3000/person\" \"Mozilla/5.0 (Windows NT 10.0; Win64; x64) AppleWebKit/537.36 (KHTML, like Gecko) Chrome/91.0.4472.124 Safari/537.36\"\n","level":"info"}
{"message":"::1 - - [12/Jul/2021:16:42:22 +0000] \"GET /person HTTP/1.1\" 200 184 \"-\" \"Mozilla/5.0 (Windows NT 10.0; Win64; x64) AppleWebKit/537.36 (KHTML, like Gecko) Chrome/91.0.4472.124 Safari/537.36\"\n","level":"info"}
{"message":"::1 - - [12/Jul/2021:16:43:13 +0000] \"POST /person HTTP/1.1\" 201 98 \"http://localhost:3000/person\" \"Mozilla/5.0 (Windows NT 10.0; Win64; x64) AppleWebKit/537.36 (KHTML, like Gecko) Chrome/91.0.4472.124 Safari/537.36\"\n","level":"info"}
{"message":"::1 - - [12/Jul/2021:16:43:24 +0000] \"POST /person HTTP/1.1\" 201 98 \"http://localhost:3000/person\" \"Mozilla/5.0 (Windows NT 10.0; Win64; x64) AppleWebKit/537.36 (KHTML, like Gecko) Chrome/91.0.4472.124 Safari/537.36\"\n","level":"info"}
{"message":"MongoDB connection has been established successfully","level":"info"}
{"message":"::1 - - [12/Jul/2021:16:54:04 +0000] \"GET / HTTP/1.1\" 404 139 \"-\" \"Mozilla/5.0 (Windows NT 10.0; Win64; x64) AppleWebKit/537.36 (KHTML, like Gecko) Chrome/91.0.4472.124 Safari/537.36\"\n","level":"info"}
{"message":"::1 - - [12/Jul/2021:16:55:35 +0000] \"GET /person HTTP/1.1\" 200 661 \"-\" \"Mozilla/5.0 (Windows NT 10.0; Win64; x64) AppleWebKit/537.36 (KHTML, like Gecko) Chrome/91.0.4472.124 Safari/537.36\"\n","level":"info"}
{"message":"::1 - - [12/Jul/2021:16:55:40 +0000] \"POST /person HTTP/1.1\" 201 98 \"http://localhost:3000/person\" \"Mozilla/5.0 (Windows NT 10.0; Win64; x64) AppleWebKit/537.36 (KHTML, like Gecko) Chrome/91.0.4472.124 Safari/537.36\"\n","level":"info"}
{"message":"MongoDB connection has been established successfully","level":"info"}
{"message":"::1 - - [12/Jul/2021:16:59:24 +0000] \"GET /person HTTP/1.1\" 200 846 \"-\" \"Mozilla/5.0 (Windows NT 10.0; Win64; x64) AppleWebKit/537.36 (KHTML, like Gecko) Chrome/91.0.4472.124 Safari/537.36\"\n","level":"info"}
{"message":"::1 - - [12/Jul/2021:16:59:30 +0000] \"GET /person HTTP/1.1\" 304 - \"-\" \"Mozilla/5.0 (Windows NT 10.0; Win64; x64) AppleWebKit/537.36 (KHTML, like Gecko) Chrome/91.0.4472.124 Safari/537.36\"\n","level":"info"}
{"message":"::1 - - [12/Jul/2021:17:00:22 +0000] \"GET /person HTTP/1.1\" 200 554 \"-\" \"Mozilla/5.0 (Windows NT 10.0; Win64; x64) AppleWebKit/537.36 (KHTML, like Gecko) Chrome/91.0.4472.124 Safari/537.36\"\n","level":"info"}
{"message":"::1 - - [12/Jul/2021:17:00:34 +0000] \"POST /person HTTP/1.1\" 201 184 \"http://localhost:3000/person\" \"Mozilla/5.0 (Windows NT 10.0; Win64; x64) AppleWebKit/537.36 (KHTML, like Gecko) Chrome/91.0.4472.124 Safari/537.36\"\n","level":"info"}
{"message":"::1 - - [12/Jul/2021:17:00:42 +0000] \"GET /person HTTP/1.1\" 200 739 \"-\" \"Mozilla/5.0 (Windows NT 10.0; Win64; x64) AppleWebKit/537.36 (KHTML, like Gecko) Chrome/91.0.4472.124 Safari/537.36\"\n","level":"info"}
{"message":"MongoDB connection has been established successfully","level":"info"}
{"ok":0,"code":8000,"codeName":"AtlasError","name":"MongoError","level":"error"}
{"ok":0,"code":8000,"codeName":"AtlasError","name":"MongoError","level":"error"}
{"message":"MongoDB connection has been established successfully","level":"info"}
{"ok":0,"code":8000,"codeName":"AtlasError","name":"MongoError","level":"error"}
{"message":"MongoDB connection has been established successfully","level":"info"}
{"message":"MongoDB connection has been established successfully","level":"info"}
{"message":"::1 - - [12/Jul/2021:17:52:12 +0000] \"GET / HTTP/1.1\" 404 139 \"-\" \"Mozilla/5.0 (Windows NT 10.0; Win64; x64) AppleWebKit/537.36 (KHTML, like Gecko) Chrome/91.0.4472.124 Safari/537.36\"\n","level":"info"}
{"message":"::1 - - [12/Jul/2021:17:52:16 +0000] \"GET /person HTTP/1.1\" 304 - \"-\" \"Mozilla/5.0 (Windows NT 10.0; Win64; x64) AppleWebKit/537.36 (KHTML, like Gecko) Chrome/91.0.4472.124 Safari/537.36\"\n","level":"info"}
{"message":"::1 - - [12/Jul/2021:17:52:32 +0000] \"GET /person/60ec75329cd52d941a468542 HTTP/1.1\" 200 184 \"-\" \"Mozilla/5.0 (Windows NT 10.0; Win64; x64) AppleWebKit/537.36 (KHTML, like Gecko) Chrome/91.0.4472.124 Safari/537.36\"\n","level":"info"}
{"message":"MongoDB connection has been established successfully","level":"info"}
{"message":"::1 - - [15/Jul/2021:21:05:00 +0000] \"GET / HTTP/1.1\" 404 139 \"-\" \"Mozilla/5.0 (Windows NT 10.0; Win64; x64) AppleWebKit/537.36 (KHTML, like Gecko) Chrome/91.0.4472.124 Safari/537.36\"\n","level":"info"}
{"message":"::1 - - [15/Jul/2021:21:05:04 +0000] \"GET /person HTTP/1.1\" 304 - \"-\" \"Mozilla/5.0 (Windows NT 10.0; Win64; x64) AppleWebKit/537.36 (KHTML, like Gecko) Chrome/91.0.4472.124 Safari/537.36\"\n","level":"info"}
{"message":"::1 - - [15/Jul/2021:21:05:04 +0000] \"GET /favicon.ico HTTP/1.1\" 404 150 \"http://localhost:3000/person\" \"Mozilla/5.0 (Windows NT 10.0; Win64; x64) AppleWebKit/537.36 (KHTML, like Gecko) Chrome/91.0.4472.124 Safari/537.36\"\n","level":"info"}
{"message":"MongoDB connection has been established successfully","level":"info"}
{"message":"MongoDB connection has been established successfully","level":"info"}
{"message":"::ffff:127.0.0.1 - - [16/Jul/2021:21:16:28 +0000] \"GET /person HTTP/1.1\" 200 365 \"-\" \"-\"\n","level":"info"}
{"message":"MongoDB connection has been established successfully","level":"info"}
{"message":"::ffff:127.0.0.1 - - [16/Jul/2021:21:23:49 +0000] \"GET /person HTTP/1.1\" 200 365 \"-\" \"-\"\n","level":"info"}
{"message":"::ffff:127.0.0.1 - - [16/Jul/2021:21:23:50 +0000] \"GET /person/60f1f8e6cbd6b211f2ad7668 HTTP/1.1\" 200 181 \"-\" \"-\"\n","level":"info"}
{"message":"MongoDB connection has been established successfully","level":"info"}
{"message":"::ffff:127.0.0.1 - - [16/Jul/2021:21:25:43 +0000] \"GET /person HTTP/1.1\" 200 365 \"-\" \"-\"\n","level":"info"}
{"message":"MongoDB connection has been established successfully","level":"info"}
{"message":"::ffff:127.0.0.1 - - [16/Jul/2021:21:26:00 +0000] \"GET /person HTTP/1.1\" 200 365 \"-\" \"-\"\n","level":"info"}
{"message":"::ffff:127.0.0.1 - - [16/Jul/2021:21:26:01 +0000] \"GET /person/60f1f9690a0214141660c30b HTTP/1.1\" 200 181 \"-\" \"-\"\n","level":"info"}
{"message":"MongoDB connection has been established successfully","level":"info"}
{"message":"::1 - - [18/Jul/2021:18:20:49 +0000] \"GET / HTTP/1.1\" 404 139 \"-\" \"Mozilla/5.0 (Windows NT 10.0; Win64; x64) AppleWebKit/537.36 (KHTML, like Gecko) Chrome/91.0.4472.164 Safari/537.36\"\n","level":"info"}
{"message":"::1 - - [18/Jul/2021:18:20:53 +0000] \"GET /person HTTP/1.1\" 200 783 \"-\" \"Mozilla/5.0 (Windows NT 10.0; Win64; x64) AppleWebKit/537.36 (KHTML, like Gecko) Chrome/91.0.4472.164 Safari/537.36\"\n","level":"info"}
{"message":"::1 - - [18/Jul/2021:18:20:53 +0000] \"GET /favicon.ico HTTP/1.1\" 404 150 \"http://localhost:3000/person\" \"Mozilla/5.0 (Windows NT 10.0; Win64; x64) AppleWebKit/537.36 (KHTML, like Gecko) Chrome/91.0.4472.164 Safari/537.36\"\n","level":"info"}
{"message":"::1 - - [18/Jul/2021:18:23:29 +0000] \"POST /post HTTP/1.1\" 400 89 \"http://localhost:3000/person\" \"Mozilla/5.0 (Windows NT 10.0; Win64; x64) AppleWebKit/537.36 (KHTML, like Gecko) Chrome/91.0.4472.164 Safari/537.36\"\n","level":"info"}
{"message":"MongoDB connection has been established successfully","level":"info"}
{"message":"::1 - - [18/Jul/2021:18:25:09 +0000] \"POST /post HTTP/1.1\" 201 199 \"http://localhost:3000/person\" \"Mozilla/5.0 (Windows NT 10.0; Win64; x64) AppleWebKit/537.36 (KHTML, like Gecko) Chrome/91.0.4472.164 Safari/537.36\"\n","level":"info"}
{"message":"::1 - - [18/Jul/2021:18:25:12 +0000] \"GET /person HTTP/1.1\" 200 809 \"-\" \"Mozilla/5.0 (Windows NT 10.0; Win64; x64) AppleWebKit/537.36 (KHTML, like Gecko) Chrome/91.0.4472.164 Safari/537.36\"\n","level":"info"}
{"message":"MongoDB connection has been established successfully","level":"info"}
{"message":"::1 - - [18/Jul/2021:18:27:25 +0000] \"GET /person HTTP/1.1\" 200 982 \"-\" \"Mozilla/5.0 (Windows NT 10.0; Win64; x64) AppleWebKit/537.36 (KHTML, like Gecko) Chrome/91.0.4472.164 Safari/537.36\"\n","level":"info"}
{"message":"::1 - - [18/Jul/2021:18:31:26 +0000] \"GET /patients HTTP/1.1\" 404 147 \"http://localhost:4200/\" \"Mozilla/5.0 (Windows NT 10.0; Win64; x64) AppleWebKit/537.36 (KHTML, like Gecko) Chrome/91.0.4472.164 Safari/537.36\"\n","level":"info"}
{"message":"::1 - - [18/Jul/2021:18:31:36 +0000] \"GET /patients HTTP/1.1\" 404 147 \"http://localhost:4200/\" \"Mozilla/5.0 (Windows NT 10.0; Win64; x64) AppleWebKit/537.36 (KHTML, like Gecko) Chrome/91.0.4472.164 Safari/537.36\"\n","level":"info"}
{"message":"MongoDB connection has been established successfully","level":"info"}
{"message":"MongoDB connection has been established successfully","level":"info"}
{"message":"::1 - - [09/Aug/2021:17:09:48 +0000] \"GET /api-docs HTTP/1.1\" 301 183 \"-\" \"Mozilla/5.0 (Windows NT 10.0; Win64; x64) AppleWebKit/537.36 (KHTML, like Gecko) Chrome/92.0.4515.131 Safari/537.36\"\n","level":"info"}
{"message":"::1 - - [09/Aug/2021:17:09:48 +0000] \"GET /api-docs/ HTTP/1.1\" 304 - \"-\" \"Mozilla/5.0 (Windows NT 10.0; Win64; x64) AppleWebKit/537.36 (KHTML, like Gecko) Chrome/92.0.4515.131 Safari/537.36\"\n","level":"info"}
{"message":"::1 - - [09/Aug/2021:17:09:48 +0000] \"GET /api-docs/swagger-ui-init.js HTTP/1.1\" 200 5592 \"http://localhost:3000/api-docs/\" \"Mozilla/5.0 (Windows NT 10.0; Win64; x64) AppleWebKit/537.36 (KHTML, like Gecko) Chrome/92.0.4515.131 Safari/537.36\"\n","level":"info"}
{"message":"::1 - - [09/Aug/2021:17:09:48 +0000] \"GET /api-docs/swagger-ui.css HTTP/1.1\" 200 143669 \"http://localhost:3000/api-docs/\" \"Mozilla/5.0 (Windows NT 10.0; Win64; x64) AppleWebKit/537.36 (KHTML, like Gecko) Chrome/92.0.4515.131 Safari/537.36\"\n","level":"info"}
{"message":"::1 - - [09/Aug/2021:17:09:48 +0000] \"GET /api-docs/swagger-ui-standalone-preset.js HTTP/1.1\" 200 338084 \"http://localhost:3000/api-docs/\" \"Mozilla/5.0 (Windows NT 10.0; Win64; x64) AppleWebKit/537.36 (KHTML, like Gecko) Chrome/92.0.4515.131 Safari/537.36\"\n","level":"info"}
{"message":"::1 - - [09/Aug/2021:17:09:48 +0000] \"GET /api-docs/swagger-ui-bundle.js HTTP/1.1\" 200 1102177 \"http://localhost:3000/api-docs/\" \"Mozilla/5.0 (Windows NT 10.0; Win64; x64) AppleWebKit/537.36 (KHTML, like Gecko) Chrome/92.0.4515.131 Safari/537.36\"\n","level":"info"}
{"message":"MongoDB connection has been established successfully","level":"info"}
{"message":"::1 - - [09/Aug/2021:17:32:37 +0000] \"GET / HTTP/1.1\" 404 139 \"-\" \"Mozilla/5.0 (Windows NT 10.0; Win64; x64) AppleWebKit/537.36 (KHTML, like Gecko) Chrome/92.0.4515.131 Safari/537.36\"\n","level":"info"}
{"message":"::1 - - [09/Aug/2021:17:32:52 +0000] \"GET /person HTTP/1.1\" 401 12 \"-\" \"Mozilla/5.0 (Windows NT 10.0; Win64; x64) AppleWebKit/537.36 (KHTML, like Gecko) Chrome/92.0.4515.131 Safari/537.36\"\n","level":"info"}
{"message":"::1 - - [09/Aug/2021:18:53:28 +0000] \"GET /person HTTP/1.1\" 401 12 \"-\" \"Mozilla/5.0 (Windows NT 10.0; Win64; x64) AppleWebKit/537.36 (KHTML, like Gecko) Chrome/92.0.4515.131 Safari/537.36\"\n","level":"info"}
{"message":"::1 - - [09/Aug/2021:18:53:28 +0000] \"GET /favicon.ico HTTP/1.1\" 404 150 \"http://localhost:3000/person\" \"Mozilla/5.0 (Windows NT 10.0; Win64; x64) AppleWebKit/537.36 (KHTML, like Gecko) Chrome/92.0.4515.131 Safari/537.36\"\n","level":"info"}
{"message":"::1 - - [09/Aug/2021:18:57:35 +0000] \"GET /person HTTP/1.1\" 403 9 \"http://localhost:3000/person\" \"Mozilla/5.0 (Windows NT 10.0; Win64; x64) AppleWebKit/537.36 (KHTML, like Gecko) Chrome/92.0.4515.131 Safari/537.36\"\n","level":"info"}
{"message":"::1 - - [09/Aug/2021:18:58:48 +0000] \"GET /login HTTP/1.1\" 404 144 \"http://localhost:3000/person\" \"Mozilla/5.0 (Windows NT 10.0; Win64; x64) AppleWebKit/537.36 (KHTML, like Gecko) Chrome/92.0.4515.131 Safari/537.36\"\n","level":"info"}
{"message":"::1 - - [09/Aug/2021:19:02:01 +0000] \"POST /login HTTP/1.1\" 500 1932 \"http://localhost:3000/person\" \"Mozilla/5.0 (Windows NT 10.0; Win64; x64) AppleWebKit/537.36 (KHTML, like Gecko) Chrome/92.0.4515.131 Safari/537.36\"\n","level":"info"}
{"message":"MongoDB connection has been established successfully","level":"info"}
{"message":"::1 - - [09/Aug/2021:19:03:55 +0000] \"POST /login HTTP/1.1\" 500 1932 \"http://localhost:3000/person\" \"Mozilla/5.0 (Windows NT 10.0; Win64; x64) AppleWebKit/537.36 (KHTML, like Gecko) Chrome/92.0.4515.131 Safari/537.36\"\n","level":"info"}
{"message":"MongoDB connection has been established successfully","level":"info"}
{"message":"::1 - - [09/Aug/2021:19:14:47 +0000] \"POST /login HTTP/1.1\" 500 1932 \"http://localhost:3000/person\" \"Mozilla/5.0 (Windows NT 10.0; Win64; x64) AppleWebKit/537.36 (KHTML, like Gecko) Chrome/92.0.4515.131 Safari/537.36\"\n","level":"info"}
{"message":"MongoDB connection has been established successfully","level":"info"}
{"message":"::1 - - [09/Aug/2021:19:34:24 +0000] \"GET /person HTTP/1.1\" 401 12 \"-\" \"Mozilla/5.0 (Windows NT 10.0; Win64; x64) AppleWebKit/537.36 (KHTML, like Gecko) Chrome/92.0.4515.131 Safari/537.36\"\n","level":"info"}
{"message":"::1 - - [09/Aug/2021:19:34:28 +0000] \"POST /login HTTP/1.1\" 200 166 \"http://localhost:3000/person\" \"Mozilla/5.0 (Windows NT 10.0; Win64; x64) AppleWebKit/537.36 (KHTML, like Gecko) Chrome/92.0.4515.131 Safari/537.36\"\n","level":"info"}
{"message":"::1 - - [09/Aug/2021:19:38:40 +0000] \"GET /person HTTP/1.1\" 200 982 \"http://localhost:3000/person\" \"Mozilla/5.0 (Windows NT 10.0; Win64; x64) AppleWebKit/537.36 (KHTML, like Gecko) Chrome/92.0.4515.131 Safari/537.36\"\n","level":"info"}
{"message":"::1 - - [09/Aug/2021:19:42:13 +0000] \"POST /login HTTP/1.1\" 200 169 \"http://localhost:3000/person\" \"Mozilla/5.0 (Windows NT 10.0; Win64; x64) AppleWebKit/537.36 (KHTML, like Gecko) Chrome/92.0.4515.131 Safari/537.36\"\n","level":"info"}
{"message":"::1 - - [09/Aug/2021:19:42:49 +0000] \"GET /post HTTP/1.1\" 404 143 \"http://localhost:3000/person\" \"Mozilla/5.0 (Windows NT 10.0; Win64; x64) AppleWebKit/537.36 (KHTML, like Gecko) Chrome/92.0.4515.131 Safari/537.36\"\n","level":"info"}
{"message":"::1 - - [09/Aug/2021:19:43:54 +0000] \"GET /post HTTP/1.1\" 401 12 \"-\" \"Mozilla/5.0 (Windows NT 10.0; Win64; x64) AppleWebKit/537.36 (KHTML, like Gecko) Chrome/92.0.4515.131 Safari/537.36\"\n","level":"info"}
{"message":"::1 - - [09/Aug/2021:19:44:14 +0000] \"GET /post HTTP/1.1\" 404 143 \"http://localhost:3000/post\" \"Mozilla/5.0 (Windows NT 10.0; Win64; x64) AppleWebKit/537.36 (KHTML, like Gecko) Chrome/92.0.4515.131 Safari/537.36\"\n","level":"info"}
{"message":"MongoDB connection has been established successfully","level":"info"}
{"message":"::1 - - [09/Aug/2021:19:55:03 +0000] \"POST /login HTTP/1.1\" 400 70 \"-\" \"-\"\n","level":"info"}
{"message":"::1 - - [09/Aug/2021:19:56:48 +0000] \"POST /login HTTP/1.1\" 400 70 \"-\" \"-\"\n","level":"info"}
{"message":"MongoDB connection has been established successfully","level":"info"}
{"message":"::ffff:127.0.0.1 - - [09/Aug/2021:20:06:10 +0000] \"POST /login HTTP/1.1\" 400 70 \"-\" \"-\"\n","level":"info"}
{"message":"::ffff:127.0.0.1 - - [09/Aug/2021:20:13:46 +0000] \"GET /person HTTP/1.1\" 400 70 \"-\" \"-\"\n","level":"info"}
{"message":"::ffff:127.0.0.1 - - [09/Aug/2021:20:14:09 +0000] \"GET /person HTTP/1.1\" 401 12 \"-\" \"-\"\n","level":"info"}
{"message":"::ffff:127.0.0.1 - - [09/Aug/2021:20:14:43 +0000] \"GET /person HTTP/1.1\" 401 12 \"-\" \"-\"\n","level":"info"}
{"message":"::ffff:127.0.0.1 - - [09/Aug/2021:20:15:05 +0000] \"POST /login HTTP/1.1\" 200 166 \"-\" \"-\"\n","level":"info"}
{"message":"::ffff:127.0.0.1 - - [09/Aug/2021:20:15:14 +0000] \"POST /login HTTP/1.1\" 200 166 \"-\" \"-\"\n","level":"info"}
{"message":"::ffff:127.0.0.1 - - [09/Aug/2021:20:15:15 +0000] \"POST /login HTTP/1.1\" 200 166 \"-\" \"-\"\n","level":"info"}
{"message":"::ffff:127.0.0.1 - - [09/Aug/2021:20:15:15 +0000] \"POST /login HTTP/1.1\" 200 166 \"-\" \"-\"\n","level":"info"}
{"message":"::ffff:127.0.0.1 - - [09/Aug/2021:20:15:15 +0000] \"POST /login HTTP/1.1\" 200 166 \"-\" \"-\"\n","level":"info"}
{"message":"::ffff:127.0.0.1 - - [09/Aug/2021:20:15:16 +0000] \"POST /login HTTP/1.1\" 200 166 \"-\" \"-\"\n","level":"info"}
{"message":"MongoDB connection has been established successfully","level":"info"}
{"message":"::1 - - [09/Aug/2021:21:04:34 +0000] \"POST /login HTTP/1.1\" 200 355 \"-\" \"-\"\n","level":"info"}
{"message":"::1 - - [09/Aug/2021:21:06:43 +0000] \"GET /person HTTP/1.1\" 200 982 \"-\" \"-\"\n","level":"info"}
{"message":"::1 - - [09/Aug/2021:21:08:34 +0000] \"POST /refresh HTTP/1.1\" 401 12 \"-\" \"-\"\n","level":"info"}
{"message":"::1 - - [09/Aug/2021:21:12:49 +0000] \"POST /refresh HTTP/1.1\" 401 12 \"-\" \"-\"\n","level":"info"}
{"message":"::1 - - [09/Aug/2021:21:12:50 +0000] \"POST /refresh HTTP/1.1\" 401 12 \"-\" \"-\"\n","level":"info"}
{"message":"::1 - - [09/Aug/2021:21:13:15 +0000] \"POST /refresh HTTP/1.1\" 401 12 \"-\" \"-\"\n","level":"info"}
{"message":"::1 - - [09/Aug/2021:21:13:16 +0000] \"POST /refresh HTTP/1.1\" 401 12 \"-\" \"-\"\n","level":"info"}
{"message":"::1 - - [09/Aug/2021:21:13:22 +0000] \"POST /login HTTP/1.1\" 200 355 \"-\" \"-\"\n","level":"info"}
{"message":"::1 - - [09/Aug/2021:21:13:23 +0000] \"POST /login HTTP/1.1\" 200 355 \"-\" \"-\"\n","level":"info"}
{"message":"::1 - - [09/Aug/2021:21:13:23 +0000] \"POST /login HTTP/1.1\" 200 355 \"-\" \"-\"\n","level":"info"}
{"message":"::1 - - [09/Aug/2021:21:13:24 +0000] \"POST /login HTTP/1.1\" 200 355 \"-\" \"-\"\n","level":"info"}
{"message":"::1 - - [09/Aug/2021:21:13:24 +0000] \"POST /login HTTP/1.1\" 200 355 \"-\" \"-\"\n","level":"info"}
{"message":"::1 - - [09/Aug/2021:21:13:25 +0000] \"POST /login HTTP/1.1\" 200 355 \"-\" \"-\"\n","level":"info"}
{"message":"::1 - - [09/Aug/2021:21:13:28 +0000] \"POST /login HTTP/1.1\" 200 355 \"-\" \"-\"\n","level":"info"}
{"message":"::1 - - [09/Aug/2021:21:13:29 +0000] \"POST /login HTTP/1.1\" 200 355 \"-\" \"-\"\n","level":"info"}
{"message":"::1 - - [09/Aug/2021:21:13:30 +0000] \"POST /login HTTP/1.1\" 200 355 \"-\" \"-\"\n","level":"info"}
{"message":"::1 - - [09/Aug/2021:21:13:30 +0000] \"POST /login HTTP/1.1\" 200 355 \"-\" \"-\"\n","level":"info"}
{"message":"::1 - - [09/Aug/2021:21:13:31 +0000] \"POST /login HTTP/1.1\" 200 355 \"-\" \"-\"\n","level":"info"}
{"message":"MongoDB connection has been established successfully","level":"info"}
{"message":"::1 - - [09/Aug/2021:21:13:49 +0000] \"POST /login HTTP/1.1\" 200 355 \"-\" \"-\"\n","level":"info"}
{"message":"::1 - - [09/Aug/2021:21:13:57 +0000] \"POST /login HTTP/1.1\" 200 355 \"-\" \"-\"\n","level":"info"}
{"message":"::1 - - [09/Aug/2021:21:14:04 +0000] \"POST /login HTTP/1.1\" 200 355 \"-\" \"-\"\n","level":"info"}
{"message":"::1 - - [09/Aug/2021:21:14:22 +0000] \"GET /person HTTP/1.1\" 200 982 \"-\" \"-\"\n","level":"info"}
{"message":"::1 - - [09/Aug/2021:21:14:28 +0000] \"GET /person HTTP/1.1\" 200 982 \"-\" \"-\"\n","level":"info"}
{"message":"::1 - - [09/Aug/2021:21:15:15 +0000] \"POST /refresh HTTP/1.1\" 401 12 \"-\" \"-\"\n","level":"info"}
{"message":"::1 - - [09/Aug/2021:21:15:15 +0000] \"POST /refresh HTTP/1.1\" 401 12 \"-\" \"-\"\n","level":"info"}
{"message":"::1 - - [09/Aug/2021:21:15:16 +0000] \"POST /refresh HTTP/1.1\" 401 12 \"-\" \"-\"\n","level":"info"}
{"message":"::1 - - [09/Aug/2021:21:17:38 +0000] \"POST /refresh HTTP/1.1\" 200 189 \"-\" \"-\"\n","level":"info"}
{"message":"::1 - - [09/Aug/2021:21:18:44 +0000] \"POST /refresh HTTP/1.1\" 200 189 \"-\" \"-\"\n","level":"info"}
{"message":"::1 - - [09/Aug/2021:21:23:52 +0000] \"POST /logout HTTP/1.1\" undefined 9 \"-\" \"-\"\n","level":"info"}
{"message":"::1 - - [09/Aug/2021:21:24:59 +0000] \"POST /login HTTP/1.1\" 200 355 \"-\" \"-\"\n","level":"info"}
{"message":"::1 - - [09/Aug/2021:21:25:12 +0000] \"POST /logout HTTP/1.1\" undefined 9 \"-\" \"-\"\n","level":"info"}
{"message":"MongoDB connection has been established successfully","level":"info"}
{"message":"::1 - - [09/Aug/2021:21:26:29 +0000] \"GET /person HTTP/1.1\" 401 12 \"-\" \"Mozilla/5.0 (Windows NT 10.0; Win64; x64) AppleWebKit/537.36 (KHTML, like Gecko) Chrome/92.0.4515.131 Safari/537.36\"\n","level":"info"}
{"message":"::1 - - [09/Aug/2021:21:26:38 +0000] \"POST /login HTTP/1.1\" 200 355 \"http://localhost:3000/person\" \"Mozilla/5.0 (Windows NT 10.0; Win64; x64) AppleWebKit/537.36 (KHTML, like Gecko) Chrome/92.0.4515.131 Safari/537.36\"\n","level":"info"}
{"message":"::1 - - [09/Aug/2021:21:27:23 +0000] \"POST /logout HTTP/1.1\" undefined 9 \"http://localhost:3000/person\" \"Mozilla/5.0 (Windows NT 10.0; Win64; x64) AppleWebKit/537.36 (KHTML, like Gecko) Chrome/92.0.4515.131 Safari/537.36\"\n","level":"info"}
